生成启动时间为 2015/10/28 21:41:55。
     1>项目“E:\花未眠tmp0\深入浅出MFC\frame\frame1\frame1\frame1.vcxproj”在节点 2 上(build 个目标)。
     1>InitializeBuildStatus:
         正在对“Debug\frame1.unsuccessfulbuild”执行 Touch 任务。
       ClCompile:
         所有输出均为最新。
         d:\Program Files (x86)\Microsoft Visual Studio 10.0\VC\bin\CL.exe /c /I"E:\Program Files (x86)\Visual Leak Detector\include" /ZI /nologo /W3 /WX- /Od /Oy- /D WIN32 /D _DEBUG /D _WINDOWS /D _UNICODE /D UNICODE /Gm /EHsc /RTC1 /MDd /GS /fp:precise /Zc:wchar_t /Zc:forScope /Fo"Debug\\" /Fd"Debug\vc100.pdb" /Gd /TP /analyze- /errorReport:prompt MFC.CPP MY.CPP
         MY.CPP
         MFC.CPP
         正在生成代码...
       ManifestResourceCompile:
         所有输出均为最新。
       Link:
         d:\Program Files (x86)\Microsoft Visual Studio 10.0\VC\bin\link.exe /ERRORREPORT:PROMPT /OUT:"E:\花未眠tmp0\深入浅出MFC\frame\frame1\Debug\frame1.exe" /INCREMENTAL /NOLOGO /LIBPATH:"E:\Program Files (x86)\Visual Leak Detector\lib\Win32" kernel32.lib user32.lib gdi32.lib winspool.lib comdlg32.lib advapi32.lib shell32.lib ole32.lib oleaut32.lib uuid.lib odbc32.lib odbccp32.lib /MANIFEST /ManifestFile:"Debug\frame1.exe.intermediate.manifest" /MANIFESTUAC:"level='asInvoker' uiAccess='false'" /DEBUG /PDB:"E:\花未眠tmp0\深入浅出MFC\frame\frame1\Debug\frame1.pdb" /SUBSYSTEM:CONSOLE /TLBID:1 /DYNAMICBASE /NXCOMPAT /IMPLIB:"E:\花未眠tmp0\深入浅出MFC\frame\frame1\Debug\frame1.lib" /MACHINE:X86 Debug\frame1.exe.embed.manifest.res
         Debug\MFC.obj
         Debug\MY.obj
       Manifest:
         C:\Program Files (x86)\Microsoft SDKs\Windows\v7.0A\bin\mt.exe /nologo /verbose /out:"Debug\frame1.exe.embed.manifest" /manifest Debug\frame1.exe.intermediate.manifest
         C:\Program Files (x86)\Microsoft SDKs\Windows\v7.0A\bin\rc.exe /nologo /fo"Debug\frame1.exe.embed.manifest.res" Debug\frame1_manifest.rc 
       LinkEmbedManifest:
         d:\Program Files (x86)\Microsoft Visual Studio 10.0\VC\bin\link.exe /ERRORREPORT:PROMPT /OUT:"E:\花未眠tmp0\深入浅出MFC\frame\frame1\Debug\frame1.exe" /INCREMENTAL /NOLOGO /LIBPATH:"E:\Program Files (x86)\Visual Leak Detector\lib\Win32" kernel32.lib user32.lib gdi32.lib winspool.lib comdlg32.lib advapi32.lib shell32.lib ole32.lib oleaut32.lib uuid.lib odbc32.lib odbccp32.lib /MANIFEST /ManifestFile:"Debug\frame1.exe.intermediate.manifest" /MANIFESTUAC:"level='asInvoker' uiAccess='false'" /DEBUG /PDB:"E:\花未眠tmp0\深入浅出MFC\frame\frame1\Debug\frame1.pdb" /SUBSYSTEM:CONSOLE /TLBID:1 /DYNAMICBASE /NXCOMPAT /IMPLIB:"E:\花未眠tmp0\深入浅出MFC\frame\frame1\Debug\frame1.lib" /MACHINE:X86 Debug\frame1.exe.embed.manifest.res
         Debug\MFC.obj
         Debug\MY.obj
         frame1.vcxproj -> E:\花未眠tmp0\深入浅出MFC\frame\frame1\Debug\frame1.exe
       FinalizeBuildStatus:
         正在删除文件“Debug\frame1.unsuccessfulbuild”。
         正在对“Debug\frame1.lastbuildstate”执行 Touch 任务。
     1>已完成生成项目“E:\花未眠tmp0\深入浅出MFC\frame\frame1\frame1\frame1.vcxproj”(build 个目标)的操作。

生成成功。

已用时间 00:00:01.53
